{"level":"error"}
{"level":"error"}
{"name":"PS_CMD_FAIL_ERROR","level":"error"}
{"level":"error"}
{"level":"error"}
{"level":"error"}
{"level":"error"}
{"level":"error"}
{"level":"error"}
{"level":"error"}
{"level":"error"}
{"level":"error"}
{"level":"error"}
{"level":"error"}
{"level":"error"}
{"level":"error"}
{"name":"PS_CMD_FAIL_ERROR","level":"error"}
{"level":"error"}
{"level":"error"}
{"name":"MongoNetworkError","errorLabels":["TransientTransactionError"],"level":"error"}
{"name":"PS_CMD_FAIL_ERROR","level":"error"}
{"name":"PS_CMD_FAIL_ERROR","level":"error"}
{"name":"MongoNetworkError","errorLabels":["TransientTransactionError"],"level":"error"}
{"name":"MongoNetworkError","errorLabels":["TransientTransactionError"],"level":"error"}
{"name":"MongoNetworkError","errorLabels":["TransientTransactionError"],"level":"error"}
{"name":"MongoNetworkError","errorLabels":["TransientTransactionError"],"level":"error"}
{"name":"MongoNetworkError","errorLabels":["TransientTransactionError"],"level":"error"}
{"lde_message":null,"lde_dn":null,"level":"error"}
{"lde_message":null,"lde_dn":null,"level":"error"}
{"lde_message":null,"lde_dn":null,"level":"error"}
{"lde_message":null,"lde_dn":null,"level":"error"}
{"lde_message":null,"lde_dn":null,"level":"error"}
{"name":"JsonWebTokenError","message":"jwt malformed","level":"error"}
{"name":"JsonWebTokenError","message":"jwt malformed","level":"error"}
{"name":"JsonWebTokenError","message":"jwt malformed","level":"error"}
{"message":"No token","level":"error"}
{"message":"No token","level":"error"}
{"message":"No token","level":"error"}
