{"message":"App listen on port: 8081","level":"info"}
{"level":"error"}
{"message":"Application Terminated!","level":"warn"}
{"message":"Application Terminated!","level":"warn"}
{"message":"Application Terminated!","level":"warn"}
{"message":"Application Terminated!","level":"warn"}
{"message":"Application Terminated!","level":"warn"}
{"level":"error"}
{"message":"App listen on port: 8081","level":"info"}
{"message":"App listen on port: 8081","level":"info"}
{"name":"PS_CMD_FAIL_ERROR","level":"error"}
{"message":"Application Terminated!","level":"warn"}
{"message":"App listen on port: 8081","level":"info"}
{"level":"error"}
{"level":"error"}
{"message":"Application Terminated!","level":"warn"}
{"message":"App listen on port: 8081","level":"info"}
{"message":"Application Terminated!","level":"warn"}
{"message":"App listen on port: 8081","level":"info"}
{"message":"App listen on port: 8081","level":"info"}
{"level":"error"}
{"level":"error"}
{"level":"error"}
{"level":"error"}
{"level":"error"}
{"level":"error"}
{"level":"error"}
{"level":"error"}
{"message":"App listen on port: 8081","level":"info"}
{"name":"PS_CMD_FAIL_ERROR","level":"error"}
{"level":"error"}
{"level":"error"}
{"message":"App listen on port: 8081","level":"info"}
{"message":"App listen on port: 8081","level":"info"}
{"name":"MongoNetworkError","errorLabels":["TransientTransactionError"],"level":"error"}
{"name":"PS_CMD_FAIL_ERROR","level":"error"}
{"name":"PS_CMD_FAIL_ERROR","level":"error"}
{"message":"Mongoose connection is disconnected due to application termination!","level":"warn"}
{"message":"App listen on port: 8081","level":"info"}
{"name":"MongoNetworkError","errorLabels":["TransientTransactionError"],"level":"error"}
{"message":"App listen on port: 8081","level":"info"}
{"name":"MongoNetworkError","errorLabels":["TransientTransactionError"],"level":"error"}
{"message":"Mongoose connection is disconnected due to application termination!","level":"warn"}
{"message":"App listen on port: 8081","level":"info"}
{"name":"MongoNetworkError","errorLabels":["TransientTransactionError"],"level":"error"}
{"message":"Mongoose connection is disconnected due to application termination!","level":"warn"}
{"message":"App listen on port: 8081","level":"info"}
{"name":"MongoNetworkError","errorLabels":["TransientTransactionError"],"level":"error"}
{"message":"Mongoose connection is disconnected due to application termination!","level":"warn"}
{"message":"App listen on port: 8081","level":"info"}
{"name":"MongoNetworkError","errorLabels":["TransientTransactionError"],"level":"error"}
{"message":"App listen on port: 8081","level":"info"}
{"message":"Mongoose connection is open to mongodb://localhost/PCMS","level":"info"}
{"lde_message":null,"lde_dn":null,"level":"error"}
{"lde_message":null,"lde_dn":null,"level":"error"}
{"lde_message":null,"lde_dn":null,"level":"error"}
{"lde_message":null,"lde_dn":null,"level":"error"}
{"lde_message":null,"lde_dn":null,"level":"error"}
{"message":"App listen on port: 8081","level":"info"}
{"message":"Mongoose connection is open to mongodb://localhost/PCMS","level":"info"}
{"message":"App listen on port: 8081","level":"info"}
{"message":"Mongoose connection is open to mongodb://localhost/PCMS","level":"info"}
{"message":"App listen on port: 8081","level":"info"}
{"message":"Mongoose connection is open to mongodb://localhost/PCMS","level":"info"}
{"message":"App listen on port: 8081","level":"info"}
{"message":"Mongoose connection is open to mongodb://localhost/PCMS","level":"info"}
{"message":"App listen on port: 8081","level":"info"}
{"message":"Mongoose connection is open to mongodb://localhost/PCMS","level":"info"}
{"message":"App listen on port: 8081","level":"info"}
{"message":"Mongoose connection is open to mongodb://localhost/PCMS","level":"info"}
{"message":"App listen on port: 8081","level":"info"}
{"message":"Mongoose connection is open to mongodb://localhost/PCMS","level":"info"}
{"message":"App listen on port: 8081","level":"info"}
{"message":"Mongoose connection is open to mongodb://localhost/PCMS","level":"info"}
{"message":"App listen on port: 8081","level":"info"}
{"message":"Mongoose connection is open to mongodb://localhost/PCMS","level":"info"}
{"message":[{"_id":"5c8742fe3db93221588cce88","username":"test","password":"test","__v":0}],"level":"info"}
{"message":"App listen on port: 8081","level":"info"}
{"message":"Mongoose connection is open to mongodb://localhost/PCMS","level":"info"}
{"message":{"username":"test","password":"test"},"level":"info"}
{"message":[{"_id":"5c8742fe3db93221588cce88","username":"test","password":"test","__v":0}],"level":"info"}
{"message":"App listen on port: 8081","level":"info"}
{"message":"Mongoose connection is open to mongodb://localhost/PCMS","level":"info"}
{"level":"info"}
{"message":"test","level":"info"}
{"message":"App listen on port: 8081","level":"info"}
{"message":"Mongoose connection is open to mongodb://localhost/PCMS","level":"info"}
{"message":{"_id":"5c8742fe3db93221588cce88","username":"test","password":"test","__v":0},"level":"info"}
{"message":"test","level":"info"}
{"message":"App listen on port: 8081","level":"info"}
{"message":"Mongoose connection is open to mongodb://localhost/PCMS","level":"info"}
{"message":{"_id":"5c8742fe3db93221588cce88","username":"test","password":"test","__v":0},"level":"info"}
{"message":"test","level":"info"}
{"level":"info"}
{"message":"App listen on port: 8081","level":"info"}
{"message":"Mongoose connection is open to mongodb://localhost/PCMS","level":"info"}
{"message":{"_id":"5c8742fe3db93221588cce88","username":"test","password":"test","__v":0},"level":"info"}
{"message":"test","level":"info"}
{"level":"info"}
{"level":"info"}
{"level":"info"}
{"level":"info"}
{"level":"info"}
{"level":"info"}
{"message":{"_id":"5c8742fe3db93221588cce88","username":"test","password":"test","__v":0},"level":"info"}
{"message":"test","level":"info"}
{"level":"info"}
{"message":{"_id":"5c8742fe3db93221588cce88","username":"test","password":"test","__v":0},"level":"info"}
{"message":"test","level":"info"}
{"level":"info"}
{"level":"info"}
{"message":"App listen on port: 8081","level":"info"}
{"message":"Mongoose connection is open to mongodb://localhost/PCMS","level":"info"}
{"level":"info"}
{"message":{"_id":"5c8742fe3db93221588cce88","username":"test","password":"test","__v":0},"level":"info"}
{"message":"test","level":"info"}
{"level":"info"}
{"level":"info"}
{"message":{"_id":"5c8742fe3db93221588cce88","username":"test","password":"test","__v":0},"level":"info"}
{"message":"test","level":"info"}
{"message":{"_id":"5c8742fe3db93221588cce88","username":"test","password":"test","__v":0},"level":"info"}
{"message":"test","level":"info"}
{"level":"info"}
{"level":"info"}
{"level":"info"}
{"message":"App listen on port: 8081","level":"info"}
{"message":"Mongoose connection is open to mongodb://localhost/PCMS","level":"info"}
{"message":{"_readableState":{"objectMode":false,"highWaterMark":16384,"buffer":{"head":null,"tail":null,"length":0},"length":0,"pipes":null,"pipesCount":0,"flowing":null,"ended":false,"endEmitted":false,"reading":false,"sync":true,"needReadable":false,"emittedReadable":false,"readableListening":false,"resumeScheduled":false,"paused":true,"emitClose":true,"autoDestroy":false,"destroyed":false,"defaultEncoding":"utf8","awaitDrain":0,"readingMore":true,"decoder":null,"encoding":null},"readable":true,"_events":{},"_eventsCount":0,"socket":{"connecting":false,"_hadError":false,"_handle":{"reading":true,"onconnection":null,"_consumed":true},"_parent":null,"_host":null,"_readableState":{"objectMode":false,"highWaterMark":16384,"buffer":{"head":null,"tail":null,"length":0},"length":0,"pipes":null,"pipesCount":0,"flowing":true,"ended":false,"endEmitted":false,"reading":true,"sync":false,"needReadable":true,"emittedReadable":false,"readableListening":false,"resumeScheduled":false,"paused":false,"emitClose":false,"autoDestroy":false,"destroyed":false,"defaultEncoding":"utf8","awaitDrain":0,"readingMore":false,"decoder":null,"encoding":null},"readable":true,"_events":{"end":[null,null],"drain":[null,null],"error":[null,null],"close":[null,null,null]},"_eventsCount":8,"_writableState":{"objectMode":false,"highWaterMark":16384,"finalCalled":false,"needDrain":false,"ending":false,"ended":false,"finished":false,"destroyed":false,"decodeStrings":false,"defaultEncoding":"utf8","length":0,"writing":false,"corked":0,"sync":true,"bufferProcessing":false,"writecb":null,"writelen":0,"bufferedRequest":null,"lastBufferedRequest":null,"pendingcb":0,"prefinished":false,"errorEmitted":false,"emitClose":false,"autoDestroy":false,"bufferedRequestCount":0,"corkedRequestsFree":{"next":null,"entry":null}},"writable":true,"allowHalfOpen":true,"_sockname":null,"_pendingData":null,"_pendingEncoding":"","server":{"_events":{},"_eventsCount":2,"_connections":1,"_handle":{"reading":false,"onread":null},"_usingWorkers":false,"_workers":[],"_unref":false,"allowHalfOpen":true,"pauseOnConnect":false,"httpAllowHalfOpen":false,"timeout":120000,"keepAliveTimeout":5000,"_pendingResponseData":0,"maxHeadersCount":null,"headersTimeout":40000,"_connectionKey":"6::::8081"},"_server":{"_events":{},"_eventsCount":2,"_connections":1,"_handle":{"reading":false,"onread":null},"_usingWorkers":false,"_workers":[],"_unref":false,"allowHalfOpen":true,"pauseOnConnect":false,"httpAllowHalfOpen":false,"timeout":120000,"keepAliveTimeout":5000,"_pendingResponseData":0,"maxHeadersCount":null,"headersTimeout":40000,"_connectionKey":"6::::8081"},"timeout":120000,"parser":{"_headers":[],"_url":"","socket":"[Circular]","incoming":"[Circular]","outgoing":null,"maxHeaderPairs":2000,"_consumed":true,"parsingHeadersStart":0},"_paused":false,"_httpMessage":{"_events":{"finish":[null,null]},"_eventsCount":2,"output":[],"outputEncodings":[],"outputCallbacks":[],"outputSize":0,"writable":true,"_last":false,"chunkedEncoding":false,"shouldKeepAlive":true,"useChunkedEncodingByDefault":true,"sendDate":true,"_removedConnection":false,"_removedContLen":false,"_removedTE":false,"_contentLength":null,"_hasBody":true,"_trailer":"","finished":false,"_headerSent":false,"socket":"[Circular]","connection":"[Circular]","_header":null,"_sent100":false,"_expect_continue":false,"req":"[Circular]","locals":{}},"_peername":{"address":"::1","family":"IPv6","port":62758}},"connection":{"connecting":false,"_hadError":false,"_handle":{"reading":true,"onconnection":null,"_consumed":true},"_parent":null,"_host":null,"_readableState":{"objectMode":false,"highWaterMark":16384,"buffer":{"head":null,"tail":null,"length":0},"length":0,"pipes":null,"pipesCount":0,"flowing":true,"ended":false,"endEmitted":false,"reading":true,"sync":false,"needReadable":true,"emittedReadable":false,"readableListening":false,"resumeScheduled":false,"paused":false,"emitClose":false,"autoDestroy":false,"destroyed":false,"defaultEncoding":"utf8","awaitDrain":0,"readingMore":false,"decoder":null,"encoding":null},"readable":true,"_events":{"end":[null,null],"drain":[null,null],"error":[null,null],"close":[null,null,null]},"_eventsCount":8,"_writableState":{"objectMode":false,"highWaterMark":16384,"finalCalled":false,"needDrain":false,"ending":false,"ended":false,"finished":false,"destroyed":false,"decodeStrings":false,"defaultEncoding":"utf8","length":0,"writing":false,"corked":0,"sync":true,"bufferProcessing":false,"writecb":null,"writelen":0,"bufferedRequest":null,"lastBufferedRequest":null,"pendingcb":0,"prefinished":false,"errorEmitted":false,"emitClose":false,"autoDestroy":false,"bufferedRequestCount":0,"corkedRequestsFree":{"next":null,"entry":null}},"writable":true,"allowHalfOpen":true,"_sockname":null,"_pendingData":null,"_pendingEncoding":"","server":{"_events":{},"_eventsCount":2,"_connections":1,"_handle":{"reading":false,"onread":null},"_usingWorkers":false,"_workers":[],"_unref":false,"allowHalfOpen":true,"pauseOnConnect":false,"httpAllowHalfOpen":false,"timeout":120000,"keepAliveTimeout":5000,"_pendingResponseData":0,"maxHeadersCount":null,"headersTimeout":40000,"_connectionKey":"6::::8081"},"_server":{"_events":{},"_eventsCount":2,"_connections":1,"_handle":{"reading":false,"onread":null},"_usingWorkers":false,"_workers":[],"_unref":false,"allowHalfOpen":true,"pauseOnConnect":false,"httpAllowHalfOpen":false,"timeout":120000,"keepAliveTimeout":5000,"_pendingResponseData":0,"maxHeadersCount":null,"headersTimeout":40000,"_connectionKey":"6::::8081"},"timeout":120000,"parser":{"_headers":[],"_url":"","socket":"[Circular]","incoming":"[Circular]","outgoing":null,"maxHeaderPairs":2000,"_consumed":true,"parsingHeadersStart":0},"_paused":false,"_httpMessage":{"_events":{"finish":[null,null]},"_eventsCount":2,"output":[],"outputEncodings":[],"outputCallbacks":[],"outputSize":0,"writable":true,"_last":false,"chunkedEncoding":false,"shouldKeepAlive":true,"useChunkedEncodingByDefault":true,"sendDate":true,"_removedConnection":false,"_removedContLen":false,"_removedTE":false,"_contentLength":null,"_hasBody":true,"_trailer":"","finished":false,"_headerSent":false,"socket":"[Circular]","connection":"[Circular]","_header":null,"_sent100":false,"_expect_continue":false,"req":"[Circular]","locals":{}},"_peername":{"address":"::1","family":"IPv6","port":62758}},"httpVersionMajor":1,"httpVersionMinor":1,"httpVersion":"1.1","complete":false,"headers":{"cache-control":"no-cache","postman-token":"5237f93e-2410-4b9a-b66a-b5fbea839bdf","user-agent":"PostmanRuntime/7.6.1","accept":"*/*","host":"localhost:8081","cookie":"connect.sid=s%3AbJqu45erPRQxj7GR4in0FSyrmT3wtykc.oy0W5m4BMoyWNf42Mt%2FWv3v3AGn4gdE3Y%2BkZPegazAc","accept-encoding":"gzip, deflate","connection":"keep-alive"},"rawHeaders":["cache-control","no-cache","Postman-Token","5237f93e-2410-4b9a-b66a-b5fbea839bdf","User-Agent","PostmanRuntime/7.6.1","Accept","*/*","Host","localhost:8081","cookie","connect.sid=s%3AbJqu45erPRQxj7GR4in0FSyrmT3wtykc.oy0W5m4BMoyWNf42Mt%2FWv3v3AGn4gdE3Y%2BkZPegazAc","accept-encoding","gzip, deflate","Connection","keep-alive"],"trailers":{},"rawTrailers":[],"aborted":false,"upgrade":false,"url":"/content","method":"GET","statusCode":null,"statusMessage":null,"client":{"connecting":false,"_hadError":false,"_handle":{"reading":true,"onconnection":null,"_consumed":true},"_parent":null,"_host":null,"_readableState":{"objectMode":false,"highWaterMark":16384,"buffer":{"head":null,"tail":null,"length":0},"length":0,"pipes":null,"pipesCount":0,"flowing":true,"ended":false,"endEmitted":false,"reading":true,"sync":false,"needReadable":true,"emittedReadable":false,"readableListening":false,"resumeScheduled":false,"paused":false,"emitClose":false,"autoDestroy":false,"destroyed":false,"defaultEncoding":"utf8","awaitDrain":0,"readingMore":false,"decoder":null,"encoding":null},"readable":true,"_events":{"end":[null,null],"drain":[null,null],"error":[null,null],"close":[null,null,null]},"_eventsCount":8,"_writableState":{"objectMode":false,"highWaterMark":16384,"finalCalled":false,"needDrain":false,"ending":false,"ended":false,"finished":false,"destroyed":false,"decodeStrings":false,"defaultEncoding":"utf8","length":0,"writing":false,"corked":0,"sync":true,"bufferProcessing":false,"writecb":null,"writelen":0,"bufferedRequest":null,"lastBufferedRequest":null,"pendingcb":0,"prefinished":false,"errorEmitted":false,"emitClose":false,"autoDestroy":false,"bufferedRequestCount":0,"corkedRequestsFree":{"next":null,"entry":null}},"writable":true,"allowHalfOpen":true,"_sockname":null,"_pendingData":null,"_pendingEncoding":"","server":{"_events":{},"_eventsCount":2,"_connections":1,"_handle":{"reading":false,"onread":null},"_usingWorkers":false,"_workers":[],"_unref":false,"allowHalfOpen":true,"pauseOnConnect":false,"httpAllowHalfOpen":false,"timeout":120000,"keepAliveTimeout":5000,"_pendingResponseData":0,"maxHeadersCount":null,"headersTimeout":40000,"_connectionKey":"6::::8081"},"_server":{"_events":{},"_eventsCount":2,"_connections":1,"_handle":{"reading":false,"onread":null},"_usingWorkers":false,"_workers":[],"_unref":false,"allowHalfOpen":true,"pauseOnConnect":false,"httpAllowHalfOpen":false,"timeout":120000,"keepAliveTimeout":5000,"_pendingResponseData":0,"maxHeadersCount":null,"headersTimeout":40000,"_connectionKey":"6::::8081"},"timeout":120000,"parser":{"_headers":[],"_url":"","socket":"[Circular]","incoming":"[Circular]","outgoing":null,"maxHeaderPairs":2000,"_consumed":true,"parsingHeadersStart":0},"_paused":false,"_httpMessage":{"_events":{"finish":[null,null]},"_eventsCount":2,"output":[],"outputEncodings":[],"outputCallbacks":[],"outputSize":0,"writable":true,"_last":false,"chunkedEncoding":false,"shouldKeepAlive":true,"useChunkedEncodingByDefault":true,"sendDate":true,"_removedConnection":false,"_removedContLen":false,"_removedTE":false,"_contentLength":null,"_hasBody":true,"_trailer":"","finished":false,"_headerSent":false,"socket":"[Circular]","connection":"[Circular]","_header":null,"_sent100":false,"_expect_continue":false,"req":"[Circular]","locals":{}},"_peername":{"address":"::1","family":"IPv6","port":62758}},"_consuming":false,"_dumped":false,"baseUrl":"","originalUrl":"/content","_parsedUrl":{"protocol":null,"slashes":null,"auth":null,"host":null,"port":null,"hostname":null,"hash":null,"search":null,"query":null,"pathname":"/content","path":"/content","href":"/content","_raw":"/content"},"params":{},"query":{},"res":{"_events":{"finish":[null,null]},"_eventsCount":2,"output":[],"outputEncodings":[],"outputCallbacks":[],"outputSize":0,"writable":true,"_last":false,"chunkedEncoding":false,"shouldKeepAlive":true,"useChunkedEncodingByDefault":true,"sendDate":true,"_removedConnection":false,"_removedContLen":false,"_removedTE":false,"_contentLength":null,"_hasBody":true,"_trailer":"","finished":false,"_headerSent":false,"socket":"[Circular]","connection":"[Circular]","_header":null,"_sent100":false,"_expect_continue":false,"req":"[Circular]","locals":{}},"_startAt":[492741,928823400],"_startTime":"2019-04-01T07:33:53.097Z","_remoteAddress":"::1","body":{},"route":{"path":"/content","stack":[{"name":"urlencodedParser","keys":[],"regexp":{"fast_star":false,"fast_slash":false},"method":"get"},{"name":"<anonymous>","keys":[],"regexp":{"fast_star":false,"fast_slash":false},"method":"get"}],"methods":{"get":true}}},"level":"info"}
{"level":"info"}
{"message":"App listen on port: 8081","level":"info"}
{"message":"Mongoose connection is open to mongodb://localhost/PCMS","level":"info"}
{"level":"info"}
{"level":"info"}
{"message":"App listen on port: 8081","level":"info"}
{"message":"Mongoose connection is open to mongodb://localhost/PCMS","level":"info"}
{"level":"info"}
{"level":"info"}
{"message":{"_id":"5c8742fe3db93221588cce88","username":"test","password":"test","__v":0},"level":"info"}
{"message":"test","level":"info"}
{"level":"info"}
{"level":"info"}
{"message":"App listen on port: 8081","level":"info"}
{"message":"Mongoose connection is open to mongodb://localhost/PCMS","level":"info"}
{"message":{"authorization":"Bearer eyJhbGciOiJIUzI1NiIsInR5cCI6IkpXVCJ9.eyJpYXQiOjE1NTQxMDQxMTIsImV4cCI6MTU1NDE5MDUxMn0.aKz_J_T4QzPJeW-LGBaOwZ5rghfpPgU-SV-rF-TCn_E","cache-control":"no-cache","postman-token":"e60a2520-cbcc-474c-89c1-fcf84668eea6","user-agent":"PostmanRuntime/7.6.1","accept":"*/*","host":"localhost:8081","cookie":"connect.sid=s%3AbJqu45erPRQxj7GR4in0FSyrmT3wtykc.oy0W5m4BMoyWNf42Mt%2FWv3v3AGn4gdE3Y%2BkZPegazAc","accept-encoding":"gzip, deflate","connection":"keep-alive"},"level":"info"}
{"level":"info"}
{"message":"App listen on port: 8081","level":"info"}
{"message":"Mongoose connection is open to mongodb://localhost/PCMS","level":"info"}
{"message":"Bearer eyJhbGciOiJIUzI1NiIsInR5cCI6IkpXVCJ9.eyJpYXQiOjE1NTQxMDQxMTIsImV4cCI6MTU1NDE5MDUxMn0.aKz_J_T4QzPJeW-LGBaOwZ5rghfpPgU-SV-rF-TCn_E","level":"info"}
{"level":"info"}
{"level":"info"}
{"message":"eyJhbGciOiJIUzI1NiIsInR5cCI6IkpXVCJ9.eyJpYXQiOjE1NTQxMDQxMTIsImV4cCI6MTU1NDE5MDUxMn0.aKz_J_T4QzPJeW-LGBaOwZ5rghfpPgU-SV-rF-TCn_E","level":"info"}
{"message":"App listen on port: 8081","level":"info"}
{"message":"Mongoose connection is open to mongodb://localhost/PCMS","level":"info"}
{"level":"info"}
{"message":"eyJhbGciOiJIUzI1NiIsInR5cCI6IkpXVCJ9.eyJpYXQiOjE1NTQxMDQxMTIsImV4cCI6MTU1NDE5MDUxMn0.aKz_J_T4QzPJeW-LGBaOwZ5rghfpPgU-SV-rF-TCn_E","level":"info"}
{"level":"info"}
{"message":"asdadasdads","level":"info"}
{"name":"JsonWebTokenError","message":"jwt malformed","level":"error"}
{"message":"App listen on port: 8081","level":"info"}
{"message":"Mongoose connection is open to mongodb://localhost/PCMS","level":"info"}
{"level":"info"}
{"level":"info"}
{"level":"info"}
{"level":"info"}
{"message":"App listen on port: 8081","level":"info"}
{"message":"Mongoose connection is open to mongodb://localhost/PCMS","level":"info"}
{"level":"info"}
{"level":"info"}
{"message":"App listen on port: 8081","level":"info"}
{"message":"Mongoose connection is open to mongodb://localhost/PCMS","level":"info"}
{"message":{},"level":"info"}
{"level":"info"}
{"message":{},"level":"info"}
{"level":"info"}
{"message":"App listen on port: 8081","level":"info"}
{"message":"Mongoose connection is open to mongodb://localhost/PCMS","level":"info"}
{"message":{},"level":"info"}
{"level":"info"}
{"message":{},"level":"info"}
{"level":"info"}
{"message":"App listen on port: 8081","level":"info"}
{"message":"Mongoose connection is open to mongodb://localhost/PCMS","level":"info"}
{"level":"info"}
{"level":"info"}
{"level":"info"}
{"level":"info"}
{"level":"info"}
{"level":"info"}
{"level":"info"}
{"message":"eyJhbGciOiJIUzI1NiIsInR5cCI6IkpXVCJ9.eyJpYXQiOjE1NTQxMDQxMTIsImV4cCI6MTU1NDE5MDUxMn0.aKz_J_T4QzPJeW-LGBaOwZ5rghfpPgU-SV-rF-TCn_E","level":"info"}
{"level":"info"}
{"level":"info"}
{"level":"info"}
{"level":"info"}
{"message":"App listen on port: 8081","level":"info"}
{"message":"Mongoose connection is open to mongodb://localhost/PCMS","level":"info"}
{"level":"info"}
{"level":"info"}
{"level":"info"}
{"level":"info"}
{"level":"info"}
{"level":"info"}
{"level":"info"}
{"level":"info"}
{"level":"info"}
{"level":"info"}
{"level":"info"}
{"level":"info"}
{"level":"info"}
{"level":"info"}
{"level":"info"}
{"level":"info"}
{"message":"App listen on port: 8081","level":"info"}
{"message":"Mongoose connection is open to mongodb://localhost/PCMS","level":"info"}
{"level":"info"}
{"message":"App listen on port: 8081","level":"info"}
{"message":"Mongoose connection is open to mongodb://localhost/PCMS","level":"info"}
{"message":{},"level":"info"}
{"level":"info"}
{"message":{},"level":"info"}
{"level":"info"}
{"message":"App listen on port: 8081","level":"info"}
{"message":"Mongoose connection is open to mongodb://localhost/PCMS","level":"info"}
{"message":"eyJhbGciOiJIUzI1NiIsInR5cCI6IkpXVCJ9.eyJpYXQiOjE1NTQxMDQxMTIsImV4cCI6MTU1NDE5MDUxMn0.aKz_J_T4QzPJeW-LGBaOwZ5rghfpPgU-SV-rF-TCn_E","level":"info"}
{"level":"info"}
{"message":"eyJhbGciOiJIUzI1NiIsInR5cCI6IkpXVCJ9.eyJpYXQiOjE1NTQxMDg3MTIsImV4cCI6MTU1NDE5NTExMn0.K03hqZii0kJdIappO3r8Ydwk8fx8ObI6CaTNiWdoiQ4","level":"info"}
{"level":"info"}
{"message":"App listen on port: 8081","level":"info"}
{"message":"Mongoose connection is open to mongodb://localhost/PCMS","level":"info"}
{"message":"eyJhbGciOiJIUzI1NiIsInR5cCI6IkpXVCJ9.eyJpYXQiOjE1NTQxMDg3MTIsImV4cCI6MTU1NDE5NTExMn0.K03hqZii0kJdIappO3r8Ydwk8fx8ObI6CaTNiWdoiQ4","level":"info"}
{"message":"eyJhbGciOiJIUzI1NiIsInR5cCI6IkpXVCJ9.eyJpYXQiOjE1NTQxMDg3MTIsImV4cCI6MTU1NDE5NTExMn0.K03hqZii0kJdIappO3r8Ydwk8fx8ObI6CaTNiWdoiQ4","level":"info"}
{"message":"eyJhbGciOiJIUzI1NiIsInR5cCI6IkpXVCJ9.eyJpYXQiOjE1NTQxMDg3NzAsImV4cCI6MTU1NDE5NTE3MH0.AfJXDZ8o0xgauUp5brF4-aWxhg-CBhfGHgd4H2Z62Eg","level":"info"}
{"message":"eyJhbGciOiJIUzI1NiIsInR5cCI6IkpXVCJ9.eyJpYXQiOjE1NTQxMDg3NzAsImV4cCI6MTU1NDE5NTE3MH0.AfJXDZ8o0xgauUp5brF4-aWxhg-CBhfGHgd4H2Z62Eg","level":"info"}
{"message":"eyJhbGciOiJIUzI1NiIsInR5cCI6IkpXVCJ9.eyJpYXQiOjE1NTQxMDg0MTEsImV4cCI6MTU1NDE5NDgxMX0.VL0edJWGUwc37lpCgopXPjDWMKaQcmdAehhd1cSTRyo","level":"info"}
{"message":"eyJhbGciOiJIUzI1NiIsInR5cCI6IkpXVCJ9.eyJpYXQiOjE1NTQxMDg0MTEsImV4cCI6MTU1NDE5NDgxMX0.VL0edJWGUwc37lpCgopXPjDWMKaQcmdAehhd1cSTRyo","level":"info"}
{"message":"eyJhbGciOiJIUzI1NiIsInR5cCI6IkpXVCJ9.eyJpYXQiOjE1NTQxMDg3OTYsImV4cCI6MTU1NDE5NTE5Nn0.YDKtqybz42l6fRcdO8guDNpeuqOgwDjg1t2eh-piBvw","level":"info"}
{"message":"eyJhbGciOiJIUzI1NiIsInR5cCI6IkpXVCJ9.eyJpYXQiOjE1NTQxMDg3OTYsImV4cCI6MTU1NDE5NTE5Nn0.YDKtqybz42l6fRcdO8guDNpeuqOgwDjg1t2eh-piBvw","level":"info"}
{"message":"eyJhbGciOiJIUzI1NiIsInR5cCI6IkpXVCJ9.eyJpYXQiOjE1NTQxMDg3OTYsImV4cCI6MTU1NDE5NTE5Nn0.YDKtqybz42l6fRcdO8guDNpeuqOgwDjg1t2eh-piBvw","level":"info"}
{"message":"eyJhbGciOiJIUzI1NiIsInR5cCI6IkpXVCJ9.eyJpYXQiOjE1NTQxMDg3OTYsImV4cCI6MTU1NDE5NTE5Nn0.YDKtqybz42l6fRcdO8guDNpeuqOgwDjg1t2eh-piBvw","level":"info"}
{"message":"eyJhbGciOiJIUzI1NiIsInR5cCI6IkpXVCJ9.eyJpYXQiOjE1NTQxMDg3OTYsImV4cCI6MTU1NDE5NTE5Nn0.YDKtqybz42l6fRcdO8guDNpeuqOgwDjg1t2eh-piBvw","level":"info"}
{"message":"eyJhbGciOiJIUzI1NiIsInR5cCI6IkpXVCJ9.eyJpYXQiOjE1NTQxMDg3OTYsImV4cCI6MTU1NDE5NTE5Nn0.YDKtqybz42l6fRcdO8guDNpeuqOgwDjg1t2eh-piBvw","level":"info"}
{"message":"App listen on port: 8081","level":"info"}
{"message":"Mongoose connection is open to mongodb://localhost/PCMS","level":"info"}
{"message":"eyJhbGciOiJIUzI1NiIsInR5cCI6IkpXVCJ9.eyJpYXQiOjE1NTQxMDkyMTIsImV4cCI6MTU1NDE5NTYxMn0.hac8iEj2JD0-k-0cqnCItqt7AGQSHWwIaVTH_irgnLM","level":"info"}
{"message":"eyJhbGciOiJIUzI1NiIsInR5cCI6IkpXVCJ9.eyJpYXQiOjE1NTQxMDkyMTIsImV4cCI6MTU1NDE5NTYxMn0.hac8iEj2JD0-k-0cqnCItqt7AGQSHWwIaVTH_irgnLM","level":"info"}
{"message":"eyJhbGciOiJIUzI1NiIsInR5cCI6IkpXVCJ9.eyJpYXQiOjE1NTQxMDkyMTIsImV4cCI6MTU1NDE5NTYxMn0.hac8iEj2JD0-k-0cqnCItqt7AGQSHWwIaVTH_irgnLM","level":"info"}
{"message":"eyJhbGciOiJIUzI1NiIsInR5cCI6IkpXVCJ9.eyJpYXQiOjE1NTQxMDkyMTIsImV4cCI6MTU1NDE5NTYxMn0.hac8iEj2JD0-k-0cqnCItqt7AGQSHWwIaVTH_irgnLM","level":"info"}
{"message":"eyJhbGciOiJIUzI1NiIsInR5cCI6IkpXVCJ9.eyJpYXQiOjE1NTQxMDkxNjIsImV4cCI6MTU1NDE5NTU2Mn0.JG7_3QU-4xS0qlC4CYiXIyUIb_DuCsp_ilExymMUPOw","level":"info"}
{"message":"eyJhbGciOiJIUzI1NiIsInR5cCI6IkpXVCJ9.eyJpYXQiOjE1NTQxMDkxNjIsImV4cCI6MTU1NDE5NTU2Mn0.JG7_3QU-4xS0qlC4CYiXIyUIb_DuCsp_ilExymMUPOw","level":"info"}
{"message":"asdasdasdads","level":"info"}
{"message":"asdasdasdads","level":"info"}
{"name":"JsonWebTokenError","message":"jwt malformed","level":"error"}
{"message":"asdasdasdads","level":"info"}
{"message":"asdasdasdads","level":"info"}
{"name":"JsonWebTokenError","message":"jwt malformed","level":"error"}
{"message":"eyJhbGciOiJIUzI1NiIsInR5cCI6IkpXVCJ9.eyJpYXQiOjE1NTQxMDk4NjUsImV4cCI6MTU1NDE5NjI2NX0.W5cYoaqjT4CSPsX7SGIaw4SOCwcAsFYWIubcssQ-BN0","level":"info"}
{"message":"eyJhbGciOiJIUzI1NiIsInR5cCI6IkpXVCJ9.eyJpYXQiOjE1NTQxMDk4NjUsImV4cCI6MTU1NDE5NjI2NX0.W5cYoaqjT4CSPsX7SGIaw4SOCwcAsFYWIubcssQ-BN0","level":"info"}
{"message":"eyJhbGciOiJIUzI1NiIsInR5cCI6IkpXVCJ9.eyJpYXQiOjE1NTQxMDk4NjUsImV4cCI6MTU1NDE5NjI2NX0.W5cYoaqjT4CSPsX7SGIaw4SOCwcAsFYWIubcssQ-BN0","level":"info"}
{"message":"eyJhbGciOiJIUzI1NiIsInR5cCI6IkpXVCJ9.eyJpYXQiOjE1NTQxMDk4NjUsImV4cCI6MTU1NDE5NjI2NX0.W5cYoaqjT4CSPsX7SGIaw4SOCwcAsFYWIubcssQ-BN0","level":"info"}
{"message":"eyJhbGciOiJIUzI1NiIsInR5cCI6IkpXVCJ9.eyJpYXQiOjE1NTQxMDk4NjUsImV4cCI6MTU1NDE5NjI2NX0.W5cYoaqjT4CSPsX7SGIaw4SOCwcAsFYWIubcssQ-BN0","level":"info"}
{"message":"eyJhbGciOiJIUzI1NiIsInR5cCI6IkpXVCJ9.eyJpYXQiOjE1NTQxMDk4NjUsImV4cCI6MTU1NDE5NjI2NX0.W5cYoaqjT4CSPsX7SGIaw4SOCwcAsFYWIubcssQ-BN0","level":"info"}
{"message":"eyJhbGciOiJIUzI1NiIsInR5cCI6IkpXVCJ9.eyJpYXQiOjE1NTQxMDk4NjUsImV4cCI6MTU1NDE5NjI2NX0.W5cYoaqjT4CSPsX7SGIaw4SOCwcAsFYWIubcssQ-BN0","level":"info"}
{"message":"eyJhbGciOiJIUzI1NiIsInR5cCI6IkpXVCJ9.eyJpYXQiOjE1NTQxMDk4NjUsImV4cCI6MTU1NDE5NjI2NX0.W5cYoaqjT4CSPsX7SGIaw4SOCwcAsFYWIubcssQ-BN0","level":"info"}
{"message":"App listen on port: 8081","level":"info"}
{"message":"Mongoose connection is open to mongodb://localhost/PCMS","level":"info"}
{"message":{"iat":1554109865,"exp":1554196265},"level":"info"}
{"message":{"iat":1554109865,"exp":1554196265},"level":"info"}
{"message":{"iat":1554109865,"exp":1554196265},"level":"info"}
{"message":{"iat":1554110368,"exp":1554113968},"level":"info"}
{"message":{"iat":1554109865,"exp":1554196265},"level":"info"}
{"message":{"iat":1554110368,"exp":1554113968},"level":"info"}
{"message":{"iat":1554110368,"exp":1554113968},"level":"info"}
{"message":{"iat":1554109865,"exp":1554196265},"level":"info"}
{"message":{"iat":1554110368,"exp":1554113968},"level":"info"}
{"message":"App listen on port: 8081","level":"info"}
{"message":"Mongoose connection is open to mongodb://localhost/PCMS","level":"info"}
{"message":{"iat":1554110368,"exp":1554113968},"level":"info"}
{"message":{"iat":1554110368,"exp":1554113968},"level":"info"}
{"message":{"iat":1554110368,"exp":1554113968},"level":"info"}
{"message":"App listen on port: 8081","level":"info"}
{"message":"Mongoose connection is open to mongodb://localhost/PCMS","level":"info"}
{"message":"App listen on port: 8081","level":"info"}
{"message":"Mongoose connection is open to mongodb://localhost/PCMS","level":"info"}
{"message":"App listen on port: 8081","level":"info"}
{"message":"Mongoose connection is open to mongodb://localhost/PCMS","level":"info"}
{"message":"App listen on port: 8081","level":"info"}
{"message":"Mongoose connection is open to mongodb://localhost/PCMS","level":"info"}
{"message":"eyJhbGciOiJIUzI1NiIsInR5cCI6IkpXVCJ9.eyJ1c2VybmFtZSI6ImNoYXRjaGFpIiwiaWF0IjoxNTU0MTEzMzg5LCJleHAiOjE1NTQxMTY5ODl9.C0n3QYVK5wIuS2x0TyHxB6qAq6ccPROgYCgAfOWy8bE","level":"info"}
{"message":"eyJhbGciOiJIUzI1NiIsInR5cCI6IkpXVCJ9.eyJ1c2VybmFtZSI6ImNoYXRjaGFpIiwiaWF0IjoxNTU0MTEzMzg5LCJleHAiOjE1NTQxMTY5ODl9.C0n3QYVK5wIuS2x0TyHxB6qAq6ccPROgYCgAfOWy8bE","level":"info"}
{"message":"eyJhbGciOiJIUzI1NiIsInR5cCI6IkpXVCJ9.eyJ1c2VybmFtZSI6ImNoYXRjaGFpIiwiaWF0IjoxNTU0MTEzMzg5LCJleHAiOjE1NTQxMTY5ODl9.C0n3QYVK5wIuS2x0TyHxB6qAq6ccPROgYCgAfOWy8bE","level":"info"}
{"message":"App listen on port: 8081","level":"info"}
{"message":"Mongoose connection is open to mongodb://localhost/PCMS","level":"info"}
{"message":"eyJhbGciOiJIUzI1NiIsInR5cCI6IkpXVCJ9.eyJ1c2VybmFtZSI6InRlc3QiLCJpYXQiOjE1NTQxMTM1NzUsImV4cCI6MTU1NDExNzE3NX0.3HYc7hr7VhhvbVPFpDlEvERo7hZp3CbPrA2Hw0_bPyM","level":"info"}
{"message":"eyJhbGciOiJIUzI1NiIsInR5cCI6IkpXVCJ9.eyJ1c2VybmFtZSI6InRlc3QiLCJpYXQiOjE1NTQxMTM1NzUsImV4cCI6MTU1NDExNzE3NX0.3HYc7hr7VhhvbVPFpDlEvERo7hZp3CbPrA2Hw0_bPyM","level":"info"}
{"message":"eyJhbGciOiJIUzI1NiIsInR5cCI6IkpXVCJ9.eyJ1c2VybmFtZSI6InRlc3QiLCJpYXQiOjE1NTQxMTM1NzUsImV4cCI6MTU1NDExNzE3NX0.3HYc7hr7VhhvbVPFpDlEvERo7hZp3CbPrA2Hw0_bPyM","level":"info"}
{"message":"eyJhbGciOiJIUzI1NiIsInR5cCI6IkpXVCJ9.eyJ1c2VybmFtZSI6InRlc3QiLCJpYXQiOjE1NTQxMTM1NzUsImV4cCI6MTU1NDExNzE3NX0.3HYc7hr7VhhvbVPFpDlEvERo7hZp3CbPrA2Hw0_bPyM","level":"info"}
{"message":"App listen on port: 8081","level":"info"}
{"message":"Mongoose connection is open to mongodb://localhost/PCMS","level":"info"}
{"message":"eyJhbGciOiJIUzI1NiIsInR5cCI6IkpXVCJ9.eyJ1c2VybmFtZSI6ImNoYXRjaGFpIiwiaWF0IjoxNTU0MTEzOTEwLCJleHAiOjE1NTQxMTc1MTB9.QePSZLL55kuSueQpQGsGR2I_9kfGTHihoDT3c8HXyTE","level":"info"}
{"message":"eyJhbGciOiJIUzI1NiIsInR5cCI6IkpXVCJ9.eyJ1c2VybmFtZSI6ImNoYXRjaGFpIiwiaWF0IjoxNTU0MTEzOTEwLCJleHAiOjE1NTQxMTc1MTB9.QePSZLL55kuSueQpQGsGR2I_9kfGTHihoDT3c8HXyTE","level":"info"}
{"message":"eyJhbGciOiJIUzI1NiIsInR5cCI6IkpXVCJ9.eyJ1c2VybmFtZSI6ImNoYXRjaGFpIiwiaWF0IjoxNTU0MTEzOTEwLCJleHAiOjE1NTQxMTc1MTB9.QePSZLL55kuSueQpQGsGR2I_9kfGTHihoDT3c8HXyTE","level":"info"}
{"message":"App listen on port: 8081","level":"info"}
{"message":"Mongoose connection is open to mongodb://localhost/PCMS","level":"info"}
{"message":"eyJhbGciOiJIUzI1NiIsInR5cCI6IkpXVCJ9.eyJ1c2VybmFtZSI6ImNoYXRjaGFpIiwiaWF0IjoxNTU0MTEzOTEwLCJleHAiOjE1NTQxMTc1MTB9.QePSZLL55kuSueQpQGsGR2I_9kfGTHihoDT3c8HXyTE","level":"info"}
{"message":"App listen on port: 8081","level":"info"}
{"message":"Mongoose connection is open to mongodb://localhost/PCMS","level":"info"}
{"level":"info"}
{"message":"App listen on port: 8081","level":"info"}
{"message":"Mongoose connection is open to mongodb://localhost/PCMS","level":"info"}
{"message":"eyJhbGciOiJIUzI1NiIsInR5cCI6IkpXVCJ9.eyJ1c2VybmFtZSI6InRlc3QiLCJpYXQiOjE1NTQxMjA2MjgsImV4cCI6MTU1NDEyNDIyOH0.jI4zRtwxT5Y0h9wP4-59pPMmpBSqWElR2Kf7wRzLupM","level":"info"}
{"message":"Logged in by: test","level":"info"}
{"message":"eyJhbGciOiJIUzI1NiIsInR5cCI6IkpXVCJ9.eyJ1c2VybmFtZSI6InRlc3QiLCJpYXQiOjE1NTQxMjA2MjgsImV4cCI6MTU1NDEyNDIyOH0.jI4zRtwxT5Y0h9wP4-59pPMmpBSqWElR2Kf7wRzLupM","level":"info"}
{"message":"Logged in by: test","level":"info"}
{"message":"App listen on port: 8081","level":"info"}
{"message":"Mongoose connection is open to mongodb://localhost/PCMS","level":"info"}
{"message":"eyJhbGciOiJIUzI1NiIsInR5cCI6IkpXVCJ9.eyJ1c2VybmFtZSI6InRlc3QiLCJpYXQiOjE1NTQxMjA2MjgsImV4cCI6MTU1NDEyNDIyOH0.jI4zRtwxT5Y0h9wP4-59pPMmpBSqWElR2Kf7wRzLupM","level":"info"}
{"message":"Logged in by: test","level":"info"}
{"message":"eyJhbGciOiJIUzI1NiIsInR5cCI6IkpXVCJ9.eyJ1c2VybmFtZSI6InRlc3QiLCJpYXQiOjE1NTQxMjA2MjgsImV4cCI6MTU1NDEyNDIyOH0.jI4zRtwxT5Y0h9wP4-59pPMmpBSqWElR2Kf7wRzLupM","level":"info"}
{"message":"Logged in by: test","level":"info"}
{"message":"eyJhbGciOiJIUzI1NiIsInR5cCI6IkpXVCJ9.eyJ1c2VybmFtZSI6InRlc3QiLCJpYXQiOjE1NTQxMjA2MjgsImV4cCI6MTU1NDEyNDIyOH0.jI4zRtwxT5Y0h9wP4-59pPMmpBSqWElR2Kf7wRzLupM","level":"info"}
{"message":"Logged in by: test","level":"info"}
{"message":"eyJhbGciOiJIUzI1NiIsInR5cCI6IkpXVCJ9.eyJ1c2VybmFtZSI6InRlc3QiLCJpYXQiOjE1NTQxMjA2MjgsImV4cCI6MTU1NDEyNDIyOH0.jI4zRtwxT5Y0h9wP4-59pPMmpBSqWElR2Kf7wRzLupM","level":"info"}
{"message":"Logged in by: test","level":"info"}
{"message":"eyJhbGciOiJIUzI1NiIsInR5cCI6IkpXVCJ9.eyJ1c2VybmFtZSI6InRlc3QiLCJpYXQiOjE1NTQxMjA2MjgsImV4cCI6MTU1NDEyNDIyOH0.jI4zRtwxT5Y0h9wP4-59pPMmpBSqWElR2Kf7wRzLupM","level":"info"}
{"message":"Logged in by: test","level":"info"}
{"level":"info"}
{"message":"No token","level":"error"}
{"level":"info"}
{"message":"No token","level":"error"}
{"level":"info"}
{"message":"No token","level":"error"}
{"message":"eyJhbGciOiJIUzI1NiIsInR5cCI6IkpXVCJ9.eyJ1c2VybmFtZSI6InRlc3QiLCJpYXQiOjE1NTQxMjE3ODgsImV4cCI6MTU1NDEyNTM4OH0.CGibl05-MNfu34Ik6CPwSrB5mlxbIbv437yMNxNaksE","level":"info"}
{"message":"Logged in by: test","level":"info"}
{"message":"eyJhbGciOiJIUzI1NiIsInR5cCI6IkpXVCJ9.eyJ1c2VybmFtZSI6InRlc3QiLCJpYXQiOjE1NTQxMjE3ODgsImV4cCI6MTU1NDEyNTM4OH0.CGibl05-MNfu34Ik6CPwSrB5mlxbIbv437yMNxNaksE","level":"info"}
{"message":"Logged in by: test","level":"info"}
{"message":"eyJhbGciOiJIUzI1NiIsInR5cCI6IkpXVCJ9.eyJ1c2VybmFtZSI6InRlc3QiLCJpYXQiOjE1NTQxMjE3ODgsImV4cCI6MTU1NDEyNTM4OH0.CGibl05-MNfu34Ik6CPwSrB5mlxbIbv437yMNxNaksE","level":"info"}
{"message":"Logged in by: test","level":"info"}
{"message":"eyJhbGciOiJIUzI1NiIsInR5cCI6IkpXVCJ9.eyJ1c2VybmFtZSI6InRlc3QiLCJpYXQiOjE1NTQxMjE3ODgsImV4cCI6MTU1NDEyNTM4OH0.CGibl05-MNfu34Ik6CPwSrB5mlxbIbv437yMNxNaksE","level":"info"}
{"message":"Logged in by: test","level":"info"}
{"message":"App listen on port: 8081","level":"info"}
{"message":"Mongoose connection is open to mongodb://localhost/PCMS","level":"info"}
{"message":"eyJhbGciOiJIUzI1NiIsInR5cCI6IkpXVCJ9.eyJ1c2VybmFtZSI6InRlc3QiLCJpYXQiOjE1NTQxMjE3ODgsImV4cCI6MTU1NDEyNTM4OH0.CGibl05-MNfu34Ik6CPwSrB5mlxbIbv437yMNxNaksE","level":"info"}
{"message":"Logged in by: test","level":"info"}
{"message":"eyJhbGciOiJIUzI1NiIsInR5cCI6IkpXVCJ9.eyJ1c2VybmFtZSI6InRlc3QiLCJpYXQiOjE1NTQxMjE3ODgsImV4cCI6MTU1NDEyNTM4OH0.CGibl05-MNfu34Ik6CPwSrB5mlxbIbv437yMNxNaksE","level":"info"}
{"message":"Logged in by: test","level":"info"}
{"message":"App listen on port: 8081","level":"info"}
{"message":"Mongoose connection is open to mongodb://localhost/PCMS","level":"info"}
{"message":"eyJhbGciOiJIUzI1NiIsInR5cCI6IkpXVCJ9.eyJ1c2VybmFtZSI6InRlc3QiLCJpYXQiOjE1NTQxMjE3ODgsImV4cCI6MTU1NDEyNTM4OH0.CGibl05-MNfu34Ik6CPwSrB5mlxbIbv437yMNxNaksE","level":"info"}
{"message":"Logged in by: test","level":"info"}
{"message":"eyJhbGciOiJIUzI1NiIsInR5cCI6IkpXVCJ9.eyJ1c2VybmFtZSI6InRlc3QiLCJpYXQiOjE1NTQxMjE3ODgsImV4cCI6MTU1NDEyNTM4OH0.CGibl05-MNfu34Ik6CPwSrB5mlxbIbv437yMNxNaksE","level":"info"}
{"message":"Logged in by: test","level":"info"}
{"message":"Mongoose connection is open to mongodb://localhost/PCMS","level":"info"}
{"message":"Mongoose connection is open to mongodb://localhost/PCMS","level":"info"}
{"message":"Mongoose connection is open to mongodb://localhost/PCMS","level":"info"}
{"message":"Mongoose connection is open to mongodb://localhost/PCMS","level":"info"}
{"message":"Mongoose connection is open to mongodb://localhost/PCMS","level":"info"}
{"message":"Mongoose connection is open to mongodb://localhost/PCMS","level":"info"}
{"message":"Mongoose connection is open to mongodb://localhost/PCMS","level":"info"}
{"message":"Mongoose connection is open to mongodb://localhost/PCMS","level":"info"}
{"message":"Mongoose connection is open to mongodb://localhost/PCMS","level":"info"}
{"message":"Mongoose connection is open to mongodb://localhost/PCMS","level":"info"}
{"message":"Mongoose connection is open to mongodb://localhost/PCMS","level":"info"}
{"message":"Mongoose connection is open to mongodb://localhost/PCMS","level":"info"}
{"message":"Mongoose connection is open to mongodb://localhost/PCMS","level":"info"}
{"message":"Mongoose connection is open to mongodb://localhost/PCMS","level":"info"}
{"message":"Mongoose connection is open to mongodb://localhost/PCMS","level":"info"}
{"message":"App listen on port: 8081","level":"info"}
{"message":"Mongoose connection is open to mongodb://localhost/PCMS","level":"info"}
{"message":"App listen on port: 8081","level":"info"}
{"message":"Mongoose connection is open to mongodb://localhost/PCMS","level":"info"}
{"message":"App listen on port: 8081","level":"info"}
{"message":"Mongoose connection is open to mongodb://localhost/PCMS","level":"info"}
{"message":"App listen on port: 8081","level":"info"}
{"message":"Mongoose connection is open to mongodb://localhost/PCMS","level":"info"}
{"message":"App listen on port: 8081","level":"info"}
{"message":"Mongoose connection is open to mongodb://localhost/PCMS","level":"info"}
{"message":"App listen on port: 8081","level":"info"}
{"message":"Mongoose connection is open to mongodb://localhost/PCMS","level":"info"}
{"message":"App listen on port: 8081","level":"info"}
{"message":"Mongoose connection is open to mongodb://localhost/PCMS","level":"info"}
{"message":"App listen on port: 8081","level":"info"}
{"message":"Mongoose connection is open to mongodb://localhost/PCMS","level":"info"}
{"message":"App listen on port: 8081","level":"info"}
{"message":"Mongoose connection is open to mongodb://localhost/PCMS","level":"info"}
{"message":"App listen on port: 8081","level":"info"}
{"message":"Mongoose connection is open to mongodb://localhost/PCMS","level":"info"}
{"message":"App listen on port: 8081","level":"info"}
{"message":"Mongoose connection is open to mongodb://localhost/PCMS","level":"info"}
{"message":"App listen on port: 8081","level":"info"}
{"message":"Mongoose connection is open to mongodb://localhost/PCMS","level":"info"}
{"message":"App listen on port: 8081","level":"info"}
{"message":"Mongoose connection is open to mongodb://localhost/PCMS","level":"info"}
{"message":"App listen on port: 8081","level":"info"}
{"message":"Mongoose connection is open to mongodb://localhost/PCMS","level":"info"}
{"message":"App listen on port: 8081","level":"info"}
{"message":"Mongoose connection is open to mongodb://localhost/PCMS","level":"info"}
{"message":"Mongoose connection is open to mongodb://localhost/PCMS","level":"info"}
